<?xml version="1.0" encoding="UTF-8"?>
<!-- Generated by org.testng.reporters.JUnitReportReporter -->
<testsuite hostname="shailesh" failures="0" tests="3" name="assertion.AllBrowserLaunch" time="47.065" errors="0" timestamp="2025-06-07T20:40:36 IST" skipped="0">
  <testcase classname="assertion.AllBrowserLaunch" name="edgeBrowser" time="10.850"/>
  <testcase classname="assertion.AllBrowserLaunch" name="chromeBrowser" time="13.723"/>
  <testcase classname="assertion.AllBrowserLaunch" name="fireBrowser" time="22.492"/>
</testsuite> <!-- assertion.AllBrowserLaunch -->
