<?xml version="1.0" encoding="UTF-8"?>
<!-- Generated by org.testng.reporters.JUnitReportReporter -->
<testsuite hostname="shailesh" failures="0" tests="4" name="com.eva.my.tng.practice.TestNGGrouping" time="0.034" errors="0" timestamp="2024-04-26T12:24:49 IST" skipped="0">
  <testcase classname="com.eva.my.tng.practice.TestNGGrouping" name="verifyFirstName" time="0.023"/>
  <system-out/>
  <testcase classname="com.eva.my.tng.practice.TestNGGrouping" name="verifyLastName" time="0.005"/>
  <system-out/>
  <testcase classname="com.eva.my.tng.practice.TestNGGrouping" name="verifyClass" time="0.003"/>
  <system-out/>
  <testcase classname="com.eva.my.tng.practice.TestNGGrouping" name="verifyAge" time="0.003"/>
  <system-out/>
</testsuite> <!-- com.eva.my.tng.practice.TestNGGrouping -->
