<?xml version="1.0" encoding="UTF-8"?>
<!-- Generated by org.testng.reporters.JUnitReportReporter -->
<testsuite hostname="shailesh" failures="0" tests="3" name="com.eva.marketing.submodule.testcases.MarketingLeads" time="105.565" errors="0" timestamp="2024-11-27T19:18:03 IST" skipped="0">
  <testcase classname="com.eva.marketing.submodule.testcases.MarketingLeads" name="verify_Create_New_Campaings" time="31.349"/>
  <system-out/>
  <testcase classname="com.eva.marketing.submodule.testcases.MarketingLeads" name="verify_Create_Lead_Module" time="38.246"/>
  <system-out/>
  <testcase classname="com.eva.marketing.submodule.testcases.MarketingLeads" name="verify_create_New_Account_Module" time="35.970"/>
  <system-out/>
</testsuite> <!-- com.eva.marketing.submodule.testcases.MarketingLeads -->
