<?xml version="1.0" encoding="UTF-8"?>
<!-- Generated by org.testng.reporters.JUnitReportReporter -->
<testsuite hostname="shailesh" failures="0" tests="3" name="com.eva.webutil.BaseTest" time="0.029" errors="0" timestamp="2024-04-25T17:01:34 IST" skipped="0">
  <testcase classname="com.eva.webutil.BaseTest" name="verifyColorTheme" time="0.016"/>
  <system-out/>
  <testcase classname="com.eva.webutil.BaseTest" name="verifyPassword" time="0.007"/>
  <system-out/>
  <testcase classname="com.eva.webutil.BaseTest" name="verifyUserName" time="0.006"/>
  <system-out/>
</testsuite> <!-- com.eva.webutil.BaseTest -->
