<?xml version="1.0" encoding="UTF-8"?>
<!-- Generated by org.testng.reporters.JUnitReportReporter -->
<testsuite hostname="shailesh" failures="0" tests="1" name="com.eva.marketing.submodule.testcases.Marketing_Campaings" time="67.484" errors="0" timestamp="2025-06-04T21:09:15 IST" skipped="0">
  <testcase classname="com.eva.marketing.submodule.testcases.Marketing_Campaings" name="verifyCreateNewCampaings" time="67.484"/>
</testsuite> <!-- com.eva.marketing.submodule.testcases.Marketing_Campaings -->
